<summary>
[Parallel(n_jobs=3)]: Done   1 jobs       | elapsed:    9.0s
[Parallel(n_jobs=3)]: Done   2 out of   5 | elapsed:    9.0s remaining:   13.6s
[Parallel(n_jobs=3)]: Done   3 out of   5 | elapsed:    9.1s remaining:    6.0s
[Parallel(n_jobs=3)]: Done   4 out of   5 | elapsed:   17.9s remaining:    4.5s
[Parallel(n_jobs=3)]: Done   5 out of   5 | elapsed:   17.9s finished
[Parallel(n_jobs=1)]: Done   1 jobs       | elapsed:    2.1s
[Parallel(n_jobs=1)]: Done   2 jobs       | elapsed:    3.9s
[Parallel(n_jobs=1)]: Done   5 jobs       | elapsed:    9.4s
[Parallel(n_jobs=1)]: Done   8 jobs       | elapsed:   28.9s
[Parallel(n_jobs=1)]: Done  13 jobs       | elapsed:   48.5s
[Parallel(n_jobs=1)]: Done  18 jobs       | elapsed:  1.5min
[Parallel(n_jobs=1)]: Done  25 jobs       | elapsed:  2.3min
[Parallel(n_jobs=1)]: Done  32 jobs       | elapsed:  5.9min
[Parallel(n_jobs=1)]: Done  41 jobs       | elapsed: 17.7min
[Parallel(n_jobs=1)]: Done  50 jobs       | elapsed: 47.5min
[Parallel(n_jobs=1)]: Done  61 jobs       | elapsed: 142.1min
[Parallel(n_jobs=1)]: Done  70 out of  70 | elapsed: 288.8min finished
[Parallel(n_jobs=1)]: Done   1 jobs       | elapsed:    2.3s
[Parallel(n_jobs=1)]: Done   2 jobs       | elapsed:    4.6s
[Parallel(n_jobs=1)]: Done   5 jobs       | elapsed:   11.5s
[Parallel(n_jobs=1)]: Done   8 jobs       | elapsed:   18.4s
[Parallel(n_jobs=1)]: Done  13 jobs       | elapsed:   29.9s
[Parallel(n_jobs=1)]: Done  18 jobs       | elapsed:   41.2s
[Parallel(n_jobs=1)]: Done  25 jobs       | elapsed:   57.3s
[Parallel(n_jobs=1)]: Done  32 jobs       | elapsed:  1.2min
[Parallel(n_jobs=1)]: Done  41 jobs       | elapsed:  1.3min
[Parallel(n_jobs=1)]: Done  50 jobs       | elapsed:  1.4min
[Parallel(n_jobs=1)]: Done  61 jobs       | elapsed:  1.4min
[Parallel(n_jobs=1)]: Done  70 out of  70 | elapsed:  1.4min finished


Fitting 5 folds for each of 1 candidates, totalling 5 fits
[CV] loss=deviance, max_leaf_nodes=20, learning_rate=0.1, min_samples_leaf=8, n_estimators=1000, subsample=0.1, random_state=0, max_features=5, max_depth=2 
[CV]  loss=deviance, max_leaf_nodes=20, learning_rate=0.1, min_samples_leaf=8, n_estimators=1000, subsample=0.1, random_state=0, max_features=5, max_depth=2, score=0.666667 -   9.0s
[CV] loss=deviance, max_leaf_nodes=20, learning_rate=0.1, min_samples_leaf=8, n_estimators=1000, subsample=0.1, random_state=0, max_features=5, max_depth=2 
[CV]  loss=deviance, max_leaf_nodes=20, learning_rate=0.1, min_samples_leaf=8, n_estimators=1000, subsample=0.1, random_state=0, max_features=5, max_depth=2, score=0.671024 -   9.0s
[CV] loss=deviance, max_leaf_nodes=20, learning_rate=0.1, min_samples_leaf=8, n_estimators=1000, subsample=0.1, random_state=0, max_features=5, max_depth=2 
[CV]  loss=deviance, max_leaf_nodes=20, learning_rate=0.1, min_samples_leaf=8, n_estimators=1000, subsample=0.1, random_state=0, max_features=5, max_depth=2, score=0.668416 -   8.8s
[CV] loss=deviance, max_leaf_nodes=20, learning_rate=0.1, min_samples_leaf=8, n_estimators=1000, subsample=0.1, random_state=0, max_features=5, max_depth=2 
[CV]  loss=deviance, max_leaf_nodes=20, learning_rate=0.1, min_samples_leaf=8, n_estimators=1000, subsample=0.1, random_state=0, max_features=5, max_depth=2, score=0.688273 -   9.0s
[CV] loss=deviance, max_leaf_nodes=20, learning_rate=0.1, min_samples_leaf=8, n_estimators=1000, subsample=0.1, random_state=0, max_features=5, max_depth=2 
[CV]  loss=deviance, max_leaf_nodes=20, learning_rate=0.1, min_samples_leaf=8, n_estimators=1000, subsample=0.1, random_state=0, max_features=5, max_depth=2, score=0.667562 -   8.8s
[GBDT's Best Parameter] {'loss': 'deviance', 'max_leaf_nodes': 20, 'learning_rate': 0.1, 'min_samples_leaf': 8, 'n_estimators': 1000, 'subsample': 0.1, 'random_state': 0, 'max_features': 5, 'max_depth': 2}
Fitting 5 folds for each of 14 candidates, totalling 70 fits
[CV] penalty=l1, C=0.001 .............................................
[CV] .................... penalty=l1, C=0.001, score=0.328125 -   2.0s
[CV] penalty=l1, C=0.001 .............................................
[CV] .................... penalty=l1, C=0.001, score=0.287979 -   1.8s
[CV] penalty=l1, C=0.001 .............................................
[CV] .................... penalty=l1, C=0.001, score=0.285903 -   1.9s
[CV] penalty=l1, C=0.001 .............................................
[CV] .................... penalty=l1, C=0.001, score=0.290217 -   1.8s
[CV] penalty=l1, C=0.001 .............................................
[CV] .................... penalty=l1, C=0.001, score=0.271523 -   1.8s
[CV] penalty=l2, C=0.001 .............................................
[CV] .................... penalty=l2, C=0.001, score=0.667565 -   6.4s
[CV] penalty=l2, C=0.001 .............................................
[CV] .................... penalty=l2, C=0.001, score=0.651016 -   6.5s
[CV] penalty=l2, C=0.001 .............................................
[CV] .................... penalty=l2, C=0.001, score=0.633764 -   6.7s
[CV] penalty=l2, C=0.001 .............................................
[CV] .................... penalty=l2, C=0.001, score=0.651099 -   6.6s
[CV] penalty=l2, C=0.001 .............................................
[CV] .................... penalty=l2, C=0.001, score=0.645570 -   6.6s
[CV] penalty=l1, C=0.01 ..............................................
[CV] ..................... penalty=l1, C=0.01, score=0.645103 -   2.1s
[CV] penalty=l1, C=0.01 ..............................................
[CV] ..................... penalty=l1, C=0.01, score=0.613383 -   2.1s
[CV] penalty=l1, C=0.01 ..............................................
[CV] ..................... penalty=l1, C=0.01, score=0.590994 -   2.1s
[CV] penalty=l1, C=0.01 ..............................................
[CV] ..................... penalty=l1, C=0.01, score=0.619954 -   2.2s
[CV] penalty=l1, C=0.01 ..............................................
[CV] ..................... penalty=l1, C=0.01, score=0.608456 -   2.1s
[CV] penalty=l2, C=0.01 ..............................................
[CV] ..................... penalty=l2, C=0.01, score=0.702889 -  13.1s
[CV] penalty=l2, C=0.01 ..............................................
[CV] ..................... penalty=l2, C=0.01, score=0.688840 -  12.1s
[CV] penalty=l2, C=0.01 ..............................................
[CV] ..................... penalty=l2, C=0.01, score=0.672058 -  13.9s
[CV] penalty=l2, C=0.01 ..............................................
[CV] ..................... penalty=l2, C=0.01, score=0.686125 -  11.4s
[CV] penalty=l2, C=0.01 ..............................................
[CV] ..................... penalty=l2, C=0.01, score=0.675946 -  14.1s
[CV] penalty=l1, C=0.1 ...............................................
[CV] ...................... penalty=l1, C=0.1, score=0.698121 -   4.1s
[CV] penalty=l1, C=0.1 ...............................................
[CV] ...................... penalty=l1, C=0.1, score=0.684071 -   4.0s
[CV] penalty=l1, C=0.1 ...............................................
[CV] ...................... penalty=l1, C=0.1, score=0.684709 -   4.2s
[CV] penalty=l1, C=0.1 ...............................................
[CV] ...................... penalty=l1, C=0.1, score=0.682949 -   4.2s
[CV] penalty=l1, C=0.1 ...............................................
[CV] ...................... penalty=l1, C=0.1, score=0.678713 -   4.4s
[CV] penalty=l2, C=0.1 ...............................................
[CV] ...................... penalty=l2, C=0.1, score=0.700042 -  32.0s
[CV] penalty=l2, C=0.1 ...............................................
[CV] ...................... penalty=l2, C=0.1, score=0.690303 -  27.4s
[CV] penalty=l2, C=0.1 ...............................................
[CV] ...................... penalty=l2, C=0.1, score=0.687937 -  31.9s
[CV] penalty=l2, C=0.1 ...............................................
[CV] ...................... penalty=l2, C=0.1, score=0.685614 -  26.9s
[CV] penalty=l2, C=0.1 ...............................................
[CV] ...................... penalty=l2, C=0.1, score=0.677212 -  31.5s
[CV] penalty=l1, C=1 .................................................
[CV] ........................ penalty=l1, C=1, score=0.693012 -  35.6s
[CV] penalty=l1, C=1 .................................................
[CV] ........................ penalty=l1, C=1, score=0.680118 -  32.4s
[CV] penalty=l1, C=1 .................................................
[CV] ........................ penalty=l1, C=1, score=0.680759 -  35.0s
[CV] penalty=l1, C=1 .................................................
[CV] ........................ penalty=l1, C=1, score=0.676178 -  34.6s
[CV] penalty=l1, C=1 .................................................
[CV] ........................ penalty=l1, C=1, score=0.676704 -  33.1s
[CV] penalty=l2, C=1 .................................................
[CV] ........................ penalty=l2, C=1, score=0.679771 - 1.5min
[CV] penalty=l2, C=1 .................................................
[CV] ........................ penalty=l2, C=1, score=0.670501 - 1.5min
[CV] penalty=l2, C=1 .................................................
[CV] ........................ penalty=l2, C=1, score=0.663270 - 1.7min
[CV] penalty=l2, C=1 .................................................
[CV] ........................ penalty=l2, C=1, score=0.673774 - 1.4min
[CV] penalty=l2, C=1 .................................................
[CV] ........................ penalty=l2, C=1, score=0.661417 - 1.2min
[CV] penalty=l1, C=10 ................................................
[CV] ....................... penalty=l1, C=10, score=0.653434 - 2.8min
[CV] penalty=l1, C=10 ................................................
[CV] ....................... penalty=l1, C=10, score=0.636617 - 2.8min
[CV] penalty=l1, C=10 ................................................
[CV] ....................... penalty=l1, C=10, score=0.628967 - 2.6min
[CV] penalty=l1, C=10 ................................................
[CV] ....................... penalty=l1, C=10, score=0.644507 - 2.9min
[CV] penalty=l1, C=10 ................................................
[CV] ....................... penalty=l1, C=10, score=0.644355 - 2.9min
[CV] penalty=l2, C=10 ................................................
[CV] ....................... penalty=l2, C=10, score=0.654123 - 4.3min
[CV] penalty=l2, C=10 ................................................
[CV] ....................... penalty=l2, C=10, score=0.639167 - 3.8min
[CV] penalty=l2, C=10 ................................................
[CV] ....................... penalty=l2, C=10, score=0.635323 - 3.5min
[CV] penalty=l2, C=10 ................................................
[CV] ....................... penalty=l2, C=10, score=0.653924 - 4.0min
[CV] penalty=l2, C=10 ................................................
[CV] ....................... penalty=l2, C=10, score=0.641141 - 3.0min
[CV] penalty=l1, C=100 ...............................................
[CV] ...................... penalty=l1, C=100, score=0.632862 - 5.2min
[CV] penalty=l1, C=100 ...............................................
[CV] ...................... penalty=l1, C=100, score=0.612485 - 5.5min
[CV] penalty=l1, C=100 ...............................................
[CV] ...................... penalty=l1, C=100, score=0.614297 - 4.7min
[CV] penalty=l1, C=100 ...............................................
[CV] ...................... penalty=l1, C=100, score=0.629134 - 8.0min
[CV] penalty=l1, C=100 ...............................................
[CV] ...................... penalty=l1, C=100, score=0.627389 - 6.5min
[CV] penalty=l2, C=100 ...............................................
[CV] ...................... penalty=l2, C=100, score=0.632166 - 8.9min
[CV] penalty=l2, C=100 ...............................................
[CV] ...................... penalty=l2, C=100, score=0.621536 -12.2min
[CV] penalty=l2, C=100 ...............................................
[CV] ...................... penalty=l2, C=100, score=0.614708 - 7.8min
[CV] penalty=l2, C=100 ...............................................
[CV] ...................... penalty=l2, C=100, score=0.640985 -13.6min
[CV] penalty=l2, C=100 ...............................................
[CV] ...................... penalty=l2, C=100, score=0.626352 - 8.4min
[CV] penalty=l1, C=1000 ..............................................
[CV] ..................... penalty=l1, C=1000, score=0.630962 -13.8min
[CV] penalty=l1, C=1000 ..............................................
[CV] ..................... penalty=l1, C=1000, score=0.601544 -10.8min
[CV] penalty=l1, C=1000 ..............................................
[CV] ..................... penalty=l1, C=1000, score=0.607171 -10.4min
[CV] penalty=l1, C=1000 ..............................................
[CV] ..................... penalty=l1, C=1000, score=0.621147 -16.1min
[CV] penalty=l1, C=1000 ..............................................
[CV] ..................... penalty=l1, C=1000, score=0.623131 -15.6min
[CV] penalty=l2, C=1000 ..............................................
[CV] ..................... penalty=l2, C=1000, score=0.621855 -22.2min
[CV] penalty=l2, C=1000 ..............................................
[CV] ..................... penalty=l2, C=1000, score=0.603818 -18.4min
[CV] penalty=l2, C=1000 ..............................................
[CV] ..................... penalty=l2, C=1000, score=0.609105 -17.4min
[CV] penalty=l2, C=1000 ..............................................
[CV] ..................... penalty=l2, C=1000, score=0.637119 -12.7min
[CV] penalty=l2, C=1000 ..............................................
[CV] ..................... penalty=l2, C=1000, score=0.616476 -23.0min
[Logistic Regression's Best Parameter] {'penalty': 'l2', 'C': 0.1}
accuracy=8.54598e-01, precision=9.22937e-01, recall=8.89647e-01, f=9.05986e-01
Fitting 5 folds for each of 14 candidates, totalling 70 fits
[CV] penalty=l2, loss=hinge, C=0.001, random_state=0, tol=0.001 ......
[CV]  penalty=l2, loss=hinge, C=0.001, random_state=0, tol=0.001, score=0.358985 -   2.3s
[CV] penalty=l2, loss=hinge, C=0.001, random_state=0, tol=0.001 ......
[CV]  penalty=l2, loss=hinge, C=0.001, random_state=0, tol=0.001, score=0.268450 -   2.3s
[CV] penalty=l2, loss=hinge, C=0.001, random_state=0, tol=0.001 ......
[CV]  penalty=l2, loss=hinge, C=0.001, random_state=0, tol=0.001, score=0.374206 -   2.2s
[CV] penalty=l2, loss=hinge, C=0.001, random_state=0, tol=0.001 ......
[CV]  penalty=l2, loss=hinge, C=0.001, random_state=0, tol=0.001, score=0.003160 -   2.4s
[CV] penalty=l2, loss=hinge, C=0.001, random_state=0, tol=0.001 ......
[CV]  penalty=l2, loss=hinge, C=0.001, random_state=0, tol=0.001, score=0.024578 -   2.3s
[CV] penalty=l2, loss=hinge, C=0.01, random_state=0, tol=0.001 .......
[CV]  penalty=l2, loss=hinge, C=0.01, random_state=0, tol=0.001, score=0.001592 -   2.3s
[CV] penalty=l2, loss=hinge, C=0.01, random_state=0, tol=0.001 .......
[CV]  penalty=l2, loss=hinge, C=0.01, random_state=0, tol=0.001, score=0.357215 -   2.3s
[CV] penalty=l2, loss=hinge, C=0.01, random_state=0, tol=0.001 .......
[CV]  penalty=l2, loss=hinge, C=0.01, random_state=0, tol=0.001, score=0.001592 -   2.3s
[CV] penalty=l2, loss=hinge, C=0.01, random_state=0, tol=0.001 .......
[CV]  penalty=l2, loss=hinge, C=0.01, random_state=0, tol=0.001, score=0.375962 -   2.3s
[CV] penalty=l2, loss=hinge, C=0.01, random_state=0, tol=0.001 .......
[CV]  penalty=l2, loss=hinge, C=0.01, random_state=0, tol=0.001, score=0.021538 -   2.3s
[CV] penalty=l2, loss=hinge, C=0.1, random_state=0, tol=0.001 ........
[CV]  penalty=l2, loss=hinge, C=0.1, random_state=0, tol=0.001, score=0.105413 -   2.3s
[CV] penalty=l2, loss=hinge, C=0.1, random_state=0, tol=0.001 ........
[CV]  penalty=l2, loss=hinge, C=0.1, random_state=0, tol=0.001, score=0.069578 -   2.3s
[CV] penalty=l2, loss=hinge, C=0.1, random_state=0, tol=0.001 ........
[CV]  penalty=l2, loss=hinge, C=0.1, random_state=0, tol=0.001, score=0.376366 -   2.3s
[CV] penalty=l2, loss=hinge, C=0.1, random_state=0, tol=0.001 ........
[CV]  penalty=l2, loss=hinge, C=0.1, random_state=0, tol=0.001, score=0.383607 -   2.3s
[CV] penalty=l2, loss=hinge, C=0.1, random_state=0, tol=0.001 ........
[CV]  penalty=l2, loss=hinge, C=0.1, random_state=0, tol=0.001, score=0.375047 -   2.3s
[CV] penalty=l2, loss=hinge, C=1, random_state=0, tol=0.001 ..........
[CV]  penalty=l2, loss=hinge, C=1, random_state=0, tol=0.001, score=0.384274 -   2.3s
[CV] penalty=l2, loss=hinge, C=1, random_state=0, tol=0.001 ..........
[CV]  penalty=l2, loss=hinge, C=1, random_state=0, tol=0.001, score=0.202770 -   2.3s
[CV] penalty=l2, loss=hinge, C=1, random_state=0, tol=0.001 ..........
[CV]  penalty=l2, loss=hinge, C=1, random_state=0, tol=0.001, score=0.169755 -   2.3s
[CV] penalty=l2, loss=hinge, C=1, random_state=0, tol=0.001 ..........
[CV]  penalty=l2, loss=hinge, C=1, random_state=0, tol=0.001, score=0.063609 -   2.3s
[CV] penalty=l2, loss=hinge, C=1, random_state=0, tol=0.001 ..........
[CV]  penalty=l2, loss=hinge, C=1, random_state=0, tol=0.001, score=0.104360 -   2.3s
[CV] penalty=l2, loss=hinge, C=10, random_state=0, tol=0.001 .........
[CV]  penalty=l2, loss=hinge, C=10, random_state=0, tol=0.001, score=0.194286 -   2.3s
[CV] penalty=l2, loss=hinge, C=10, random_state=0, tol=0.001 .........
[CV]  penalty=l2, loss=hinge, C=10, random_state=0, tol=0.001, score=0.203427 -   2.3s
[CV] penalty=l2, loss=hinge, C=10, random_state=0, tol=0.001 .........
[CV]  penalty=l2, loss=hinge, C=10, random_state=0, tol=0.001, score=0.383918 -   2.3s
[CV] penalty=l2, loss=hinge, C=10, random_state=0, tol=0.001 .........
[CV]  penalty=l2, loss=hinge, C=10, random_state=0, tol=0.001, score=0.235922 -   2.3s
[CV] penalty=l2, loss=hinge, C=10, random_state=0, tol=0.001 .........
[CV]  penalty=l2, loss=hinge, C=10, random_state=0, tol=0.001, score=0.067981 -   2.3s
[CV] penalty=l2, loss=hinge, C=100, random_state=0, tol=0.001 ........
[CV]  penalty=l2, loss=hinge, C=100, random_state=0, tol=0.001, score=0.194286 -   2.4s
[CV] penalty=l2, loss=hinge, C=100, random_state=0, tol=0.001 ........
[CV]  penalty=l2, loss=hinge, C=100, random_state=0, tol=0.001, score=0.203427 -   2.2s
[CV] penalty=l2, loss=hinge, C=100, random_state=0, tol=0.001 ........
[CV]  penalty=l2, loss=hinge, C=100, random_state=0, tol=0.001, score=0.122762 -   2.3s
[CV] penalty=l2, loss=hinge, C=100, random_state=0, tol=0.001 ........
[CV]  penalty=l2, loss=hinge, C=100, random_state=0, tol=0.001, score=0.235922 -   2.3s
[CV] penalty=l2, loss=hinge, C=100, random_state=0, tol=0.001 ........
[CV]  penalty=l2, loss=hinge, C=100, random_state=0, tol=0.001, score=0.067981 -   2.3s
[CV] penalty=l2, loss=hinge, C=1000, random_state=0, tol=0.001 .......
[CV]  penalty=l2, loss=hinge, C=1000, random_state=0, tol=0.001, score=0.194286 -   2.3s
[CV] penalty=l2, loss=hinge, C=1000, random_state=0, tol=0.001 .......
[CV]  penalty=l2, loss=hinge, C=1000, random_state=0, tol=0.001, score=0.203427 -   2.3s
[CV] penalty=l2, loss=hinge, C=1000, random_state=0, tol=0.001 .......
[CV]  penalty=l2, loss=hinge, C=1000, random_state=0, tol=0.001, score=0.122762 -   2.3s
[CV] penalty=l2, loss=hinge, C=1000, random_state=0, tol=0.001 .......
[CV]  penalty=l2, loss=hinge, C=1000, random_state=0, tol=0.001, score=0.235922 -   2.3s
[CV] penalty=l2, loss=hinge, C=1000, random_state=0, tol=0.001 .......
[CV]  penalty=l2, loss=hinge, C=1000, random_state=0, tol=0.001, score=0.067981 -   2.3s
[CV] loss=squared_hinge, C=0.001, dual=False, penalty=l1, random_state=0, tol=0.001 
[CV]  loss=squared_hinge, C=0.001, dual=False, penalty=l1, random_state=0, tol=0.001, score=0.035330 -   0.1s
[CV] loss=squared_hinge, C=0.001, dual=False, penalty=l1, random_state=0, tol=0.001 
[CV]  loss=squared_hinge, C=0.001, dual=False, penalty=l1, random_state=0, tol=0.001, score=0.036838 -   0.1s
[CV] loss=squared_hinge, C=0.001, dual=False, penalty=l1, random_state=0, tol=0.001 
[CV]  loss=squared_hinge, C=0.001, dual=False, penalty=l1, random_state=0, tol=0.001, score=0.029096 -   0.1s
[CV] loss=squared_hinge, C=0.001, dual=False, penalty=l1, random_state=0, tol=0.001 
[CV]  loss=squared_hinge, C=0.001, dual=False, penalty=l1, random_state=0, tol=0.001, score=0.026094 -   0.1s
[CV] loss=squared_hinge, C=0.001, dual=False, penalty=l1, random_state=0, tol=0.001 
[CV]  loss=squared_hinge, C=0.001, dual=False, penalty=l1, random_state=0, tol=0.001, score=0.041221 -   0.1s
[CV] loss=squared_hinge, C=0.01, dual=False, penalty=l1, random_state=0, tol=0.001 
[CV]  loss=squared_hinge, C=0.01, dual=False, penalty=l1, random_state=0, tol=0.001, score=0.095514 -   0.1s
[CV] loss=squared_hinge, C=0.01, dual=False, penalty=l1, random_state=0, tol=0.001 
[CV]  loss=squared_hinge, C=0.01, dual=False, penalty=l1, random_state=0, tol=0.001, score=0.071269 -   0.1s
[CV] loss=squared_hinge, C=0.01, dual=False, penalty=l1, random_state=0, tol=0.001 
[CV]  loss=squared_hinge, C=0.01, dual=False, penalty=l1, random_state=0, tol=0.001, score=0.076809 -   0.2s
[CV] loss=squared_hinge, C=0.01, dual=False, penalty=l1, random_state=0, tol=0.001 
[CV]  loss=squared_hinge, C=0.01, dual=False, penalty=l1, random_state=0, tol=0.001, score=0.077037 -   0.1s
[CV] loss=squared_hinge, C=0.01, dual=False, penalty=l1, random_state=0, tol=0.001 
[CV]  loss=squared_hinge, C=0.01, dual=False, penalty=l1, random_state=0, tol=0.001, score=0.081121 -   0.1s
[CV] loss=squared_hinge, C=0.1, dual=False, penalty=l1, random_state=0, tol=0.001 
[CV]  loss=squared_hinge, C=0.1, dual=False, penalty=l1, random_state=0, tol=0.001, score=0.107143 -   0.1s
[CV] loss=squared_hinge, C=0.1, dual=False, penalty=l1, random_state=0, tol=0.001 
[CV]  loss=squared_hinge, C=0.1, dual=False, penalty=l1, random_state=0, tol=0.001, score=0.071111 -   0.2s
[CV] loss=squared_hinge, C=0.1, dual=False, penalty=l1, random_state=0, tol=0.001 
[CV]  loss=squared_hinge, C=0.1, dual=False, penalty=l1, random_state=0, tol=0.001, score=0.083212 -   0.2s
[CV] loss=squared_hinge, C=0.1, dual=False, penalty=l1, random_state=0, tol=0.001 
[CV]  loss=squared_hinge, C=0.1, dual=False, penalty=l1, random_state=0, tol=0.001, score=0.085231 -   0.1s
[CV] loss=squared_hinge, C=0.1, dual=False, penalty=l1, random_state=0, tol=0.001 
[CV]  loss=squared_hinge, C=0.1, dual=False, penalty=l1, random_state=0, tol=0.001, score=0.093567 -   0.1s
[CV] loss=squared_hinge, C=1, dual=False, penalty=l1, random_state=0, tol=0.001 
[CV]  loss=squared_hinge, C=1, dual=False, penalty=l1, random_state=0, tol=0.001, score=0.105790 -   0.1s
[CV] loss=squared_hinge, C=1, dual=False, penalty=l1, random_state=0, tol=0.001 
[CV]  loss=squared_hinge, C=1, dual=False, penalty=l1, random_state=0, tol=0.001, score=0.072539 -   0.1s
[CV] loss=squared_hinge, C=1, dual=False, penalty=l1, random_state=0, tol=0.001 
[CV]  loss=squared_hinge, C=1, dual=False, penalty=l1, random_state=0, tol=0.001, score=0.083151 -   0.2s
[CV] loss=squared_hinge, C=1, dual=False, penalty=l1, random_state=0, tol=0.001 
[CV]  loss=squared_hinge, C=1, dual=False, penalty=l1, random_state=0, tol=0.001, score=0.086510 -   0.1s
[CV] loss=squared_hinge, C=1, dual=False, penalty=l1, random_state=0, tol=0.001 
[CV]  loss=squared_hinge, C=1, dual=False, penalty=l1, random_state=0, tol=0.001, score=0.095029 -   0.1s
[CV] loss=squared_hinge, C=10, dual=False, penalty=l1, random_state=0, tol=0.001 
[CV]  loss=squared_hinge, C=10, dual=False, penalty=l1, random_state=0, tol=0.001, score=0.106990 -   0.1s
[CV] loss=squared_hinge, C=10, dual=False, penalty=l1, random_state=0, tol=0.001 
[CV]  loss=squared_hinge, C=10, dual=False, penalty=l1, random_state=0, tol=0.001, score=0.069733 -   0.1s
[CV] loss=squared_hinge, C=10, dual=False, penalty=l1, random_state=0, tol=0.001 
[CV]  loss=squared_hinge, C=10, dual=False, penalty=l1, random_state=0, tol=0.001, score=0.083455 -   0.1s
[CV] loss=squared_hinge, C=10, dual=False, penalty=l1, random_state=0, tol=0.001 
[CV]  loss=squared_hinge, C=10, dual=False, penalty=l1, random_state=0, tol=0.001, score=0.086510 -   0.1s
[CV] loss=squared_hinge, C=10, dual=False, penalty=l1, random_state=0, tol=0.001 
[CV]  loss=squared_hinge, C=10, dual=False, penalty=l1, random_state=0, tol=0.001, score=0.092240 -   0.1s
[CV] loss=squared_hinge, C=100, dual=False, penalty=l1, random_state=0, tol=0.001 
[CV]  loss=squared_hinge, C=100, dual=False, penalty=l1, random_state=0, tol=0.001, score=0.106990 -   0.1s
[CV] loss=squared_hinge, C=100, dual=False, penalty=l1, random_state=0, tol=0.001 
[CV]  loss=squared_hinge, C=100, dual=False, penalty=l1, random_state=0, tol=0.001, score=0.072539 -   0.1s
[CV] loss=squared_hinge, C=100, dual=False, penalty=l1, random_state=0, tol=0.001 
[CV]  loss=squared_hinge, C=100, dual=False, penalty=l1, random_state=0, tol=0.001, score=0.083455 -   0.1s
[CV] loss=squared_hinge, C=100, dual=False, penalty=l1, random_state=0, tol=0.001 
[CV]  loss=squared_hinge, C=100, dual=False, penalty=l1, random_state=0, tol=0.001, score=0.086510 -   0.1s
[CV] loss=squared_hinge, C=100, dual=False, penalty=l1, random_state=0, tol=0.001 
[CV]  loss=squared_hinge, C=100, dual=False, penalty=l1, random_state=0, tol=0.001, score=0.092240 -   0.1s
[CV] loss=squared_hinge, C=1000, dual=False, penalty=l1, random_state=0, tol=0.001 
[CV]  loss=squared_hinge, C=1000, dual=False, penalty=l1, random_state=0, tol=0.001, score=0.106990 -   0.1s
[CV] loss=squared_hinge, C=1000, dual=False, penalty=l1, random_state=0, tol=0.001 
[CV]  loss=squared_hinge, C=1000, dual=False, penalty=l1, random_state=0, tol=0.001, score=0.072539 -   0.1s
[CV] loss=squared_hinge, C=1000, dual=False, penalty=l1, random_state=0, tol=0.001 
[CV]  loss=squared_hinge, C=1000, dual=False, penalty=l1, random_state=0, tol=0.001, score=0.083455 -   0.1s
[CV] loss=squared_hinge, C=1000, dual=False, penalty=l1, random_state=0, tol=0.001 
[CV]  loss=squared_hinge, C=1000, dual=False, penalty=l1, random_state=0, tol=0.001, score=0.086510 -   0.1s
[CV] loss=squared_hinge, C=1000, dual=False, penalty=l1, random_state=0, tol=0.001 
[CV]  loss=squared_hinge, C=1000, dual=False, penalty=l1, random_state=0, tol=0.001, score=0.092240 -   0.1s
[SVM's Best Parameter] {'penalty': 'l2', 'loss': 'hinge', 'C': 0.1, 'random_state': 0, 'tol': 0.001}
accuracy=8.52602e-01, precision=9.19296e-01, recall=8.90129e-01, f=9.04478e-01
