Fitting 5 folds for each of 4 candidates, totalling 20 fits
[CV] loss=deviance, max_leaf_nodes=2, learning_rate=0.1, min_samples_leaf=4, n_estimators=10, subsample=0.01, random_state=0, max_features=1, max_depth=1 
[CV]  loss=deviance, max_leaf_nodes=2, learning_rate=0.1, min_samples_leaf=4, n_estimators=10, subsample=0.01, random_state=0, max_features=1, max_depth=1, score=0.000000 -   0.1s
[CV] loss=deviance, max_leaf_nodes=2, learning_rate=0.1, min_samples_leaf=4, n_estimators=10, subsample=0.1, random_state=0, max_features=1, max_depth=1 
[CV]  loss=deviance, max_leaf_nodes=2, learning_rate=0.1, min_samples_leaf=4, n_estimators=10, subsample=0.1, random_state=0, max_features=1, max_depth=1, score=0.000000 -   0.2s
[CV] loss=deviance, max_leaf_nodes=2, learning_rate=0.1, min_samples_leaf=4, n_estimators=10, subsample=0.01, random_state=0, max_features=1, max_depth=2 
[CV]  loss=deviance, max_leaf_nodes=2, learning_rate=0.1, min_samples_leaf=4, n_estimators=10, subsample=0.01, random_state=0, max_features=1, max_depth=2, score=0.000000 -   0.2s
[CV] loss=deviance, max_leaf_nodes=2, learning_rate=0.1, min_samples_leaf=4, n_estimators=10, subsample=0.01, random_state=0, max_features=1, max_depth=1 
[CV]  loss=deviance, max_leaf_nodes=2, learning_rate=0.1, min_samples_leaf=4, n_estimators=10, subsample=0.01, random_state=0, max_features=1, max_depth=1, score=0.000000 -   0.1s
[CV] loss=deviance, max_leaf_nodes=2, learning_rate=0.1, min_samples_leaf=4, n_estimators=10, subsample=0.1, random_state=0, max_features=1, max_depth=1 
[CV]  loss=deviance, max_leaf_nodes=2, learning_rate=0.1, min_samples_leaf=4, n_estimators=10, subsample=0.1, random_state=0, max_features=1, max_depth=1, score=0.000000 -   0.1s
[CV] loss=deviance, max_leaf_nodes=2, learning_rate=0.1, min_samples_leaf=4, n_estimators=10, subsample=0.01, random_state=0, max_features=1, max_depth=2 
[CV]  loss=deviance, max_leaf_nodes=2, learning_rate=0.1, min_samples_leaf=4, n_estimators=10, subsample=0.01, random_state=0, max_features=1, max_depth=2, score=0.000000 -   0.2s
[CV] loss=deviance, max_leaf_nodes=2, learning_rate=0.1, min_samples_leaf=4, n_estimators=10, subsample=0.1, random_state=0, max_features=1, max_depth=2 
[CV]  loss=deviance, max_leaf_nodes=2, learning_rate=0.1, min_samples_leaf=4, n_estimators=10, subsample=0.1, random_state=0, max_features=1, max_depth=2, score=0.000000 -   0.1s
[CV] loss=deviance, max_leaf_nodes=2, learning_rate=0.1, min_samples_leaf=4, n_estimators=10, subsample=0.1, random_state=0, max_features=1, max_depth=1 
[CV]  loss=deviance, max_leaf_nodes=2, learning_rate=0.1, min_samples_leaf=4, n_estimators=10, subsample=0.1, random_state=0, max_features=1, max_depth=1, score=0.000000 -   0.1s
[CV] loss=deviance, max_leaf_nodes=2, learning_rate=0.1, min_samples_leaf=4, n_estimators=10, subsample=0.01, random_state=0, max_features=1, max_depth=2 
[CV]  loss=deviance, max_leaf_nodes=2, learning_rate=0.1, min_samples_leaf=4, n_estimators=10, subsample=0.01, random_state=0, max_features=1, max_depth=2, score=0.000000 -   0.1s
[CV] loss=deviance, max_leaf_nodes=2, learning_rate=0.1, min_samples_leaf=4, n_estimators=10, subsample=0.1, random_state=0, max_features=1, max_depth=2 
[CV]  loss=deviance, max_leaf_nodes=2, learning_rate=0.1, min_samples_leaf=4, n_estimators=10, subsample=0.1, random_state=0, max_features=1, max_depth=2, score=0.000000 -   0.1s
[CV] loss=deviance, max_leaf_nodes=2, learning_rate=0.1, min_samples_leaf=4, n_estimators=10, subsample=0.01, random_state=0, max_features=1, max_depth=1 
[CV]  loss=deviance, max_leaf_nodes=2, learning_rate=0.1, min_samples_leaf=4, n_estimators=10, subsample=0.01, random_state=0, max_features=1, max_depth=1, score=0.000000 -   0.1s
[CV] loss=deviance, max_leaf_nodes=2, learning_rate=0.1, min_samples_leaf=4, n_estimators=10, subsample=0.1, random_state=0, max_features=1, max_depth=1 
[CV]  loss=deviance, max_leaf_nodes=2, learning_rate=0.1, min_samples_leaf=4, n_estimators=10, subsample=0.1, random_state=0, max_features=1, max_depth=1, score=0.000000 -   0.2s
[CV] loss=deviance, max_leaf_nodes=2, learning_rate=0.1, min_samples_leaf=4, n_estimators=10, subsample=0.1, random_state=0, max_features=1, max_depth=2 
[CV]  loss=deviance, max_leaf_nodes=2, learning_rate=0.1, min_samples_leaf=4, n_estimators=10, subsample=0.1, random_state=0, max_features=1, max_depth=2, score=0.000000 -   0.2s
(26049, 10) (26049, 14)
(6513, 10) (6513, 14)
Fitting 5 folds for each of 14 candidates, totalling 70 fits
[CV] penalty=l1, C=0.001 .............................................
[CV] .................... penalty=l1, C=0.001, score=0.000000 -   0.0s
[CV] penalty=l1, C=0.001 .............................................
[CV] .................... penalty=l1, C=0.001, score=0.000000 -   0.1s
[CV] penalty=l1, C=0.001 .............................................
[CV] .................... penalty=l1, C=0.001, score=0.000000 -   0.1s
[CV] penalty=l1, C=0.001 .............................................
[CV] .................... penalty=l1, C=0.001, score=0.000000 -   0.0s
[CV] penalty=l1, C=0.001 .............................................
[CV] .................... penalty=l1, C=0.001, score=0.000000 -   0.0s
[CV] penalty=l2, C=0.001 .............................................
[CV] .................... penalty=l2, C=0.001, score=0.000000 -   0.0s
[CV] penalty=l2, C=0.001 .............................................
[CV] .................... penalty=l2, C=0.001, score=0.000000 -   0.0s
[CV] penalty=l2, C=0.001 .............................................
[CV] .................... penalty=l2, C=0.001, score=0.000000 -   0.0s
[CV] penalty=l2, C=0.001 .............................................
[CV] .................... penalty=l2, C=0.001, score=0.000000 -   0.0s
[CV] penalty=l2, C=0.001 .............................................
[CV] .................... penalty=l2, C=0.001, score=0.000000 -   0.0s
[CV] penalty=l1, C=0.01 ..............................................
[CV] ..................... penalty=l1, C=0.01, score=0.000000 -   0.1s
[CV] penalty=l1, C=0.01 ..............................................
[CV] ..................... penalty=l1, C=0.01, score=0.000000 -   0.0s
[CV] penalty=l1, C=0.01 ..............................................
[CV] ..................... penalty=l1, C=0.01, score=0.000000 -   0.0s
[CV] penalty=l1, C=0.01 ..............................................
[CV] ..................... penalty=l1, C=0.01, score=0.000000 -   0.0s
[CV] penalty=l1, C=0.01 ..............................................
[CV] ..................... penalty=l1, C=0.01, score=0.000000 -   0.0s
[CV] penalty=l2, C=0.01 ..............................................
[CV] ..................... penalty=l2, C=0.01, score=0.000000 -   0.0s
[CV] penalty=l2, C=0.01 ..............................................
[CV] ..................... penalty=l2, C=0.01, score=0.000000 -   0.0s
[CV] penalty=l2, C=0.01 ..............................................
[CV] ..................... penalty=l2, C=0.01, score=0.000000 -   0.0s
[CV] penalty=l2, C=0.01 ..............................................
[CV] ..................... penalty=l2, C=0.01, score=0.000000 -   0.0s
[CV] penalty=l2, C=0.01 ..............................................
[CV] ..................... penalty=l2, C=0.01, score=0.000000 -   0.0s
[CV] penalty=l1, C=0.1 ...............................................
[CV] ...................... penalty=l1, C=0.1, score=0.000000 -   0.0s
[CV] penalty=l1, C=0.1 ...............................................
[CV] ...................... penalty=l1, C=0.1, score=0.301310 -   0.0s
[CV] penalty=l1, C=0.1 ...............................................
[CV] ...................... penalty=l1, C=0.1, score=0.000000 -   0.0s
[CV] penalty=l1, C=0.1 ...............................................
[CV] ...................... penalty=l1, C=0.1, score=0.000000 -   0.0s
[CV] penalty=l1, C=0.1 ...............................................
[CV] ...................... penalty=l1, C=0.1, score=0.000000 -   0.0s
[CV] penalty=l2, C=0.1 ...............................................
[CV] ...................... penalty=l2, C=0.1, score=0.033486 -   0.1s
[CV] penalty=l2, C=0.1 ...............................................
[CV] ...................... penalty=l2, C=0.1, score=0.301310 -   0.0s
[CV] penalty=l2, C=0.1 ...............................................
[CV] ...................... penalty=l2, C=0.1, score=0.043873 -   0.0s
[CV] penalty=l2, C=0.1 ...............................................
[CV] ...................... penalty=l2, C=0.1, score=0.053933 -   0.0s
[CV] penalty=l2, C=0.1 ...............................................
[CV] ...................... penalty=l2, C=0.1, score=0.030465 -   0.0s
[CV] penalty=l1, C=1 .................................................
[CV] ........................ penalty=l1, C=1, score=0.033486 -   0.1s
[CV] penalty=l1, C=1 .................................................
[CV] ........................ penalty=l1, C=1, score=0.301743 -   0.1s
[CV] penalty=l1, C=1 .................................................
[CV] ........................ penalty=l1, C=1, score=0.287656 -   0.1s
[CV] penalty=l1, C=1 .................................................
[CV] ........................ penalty=l1, C=1, score=0.053771 -   0.1s
[CV] penalty=l1, C=1 .................................................
[CV] ........................ penalty=l1, C=1, score=0.031915 -   0.1s
[CV] penalty=l2, C=1 .................................................
[CV] ........................ penalty=l2, C=1, score=0.033486 -   0.0s
[CV] penalty=l2, C=1 .................................................
[CV] ........................ penalty=l2, C=1, score=0.301743 -   0.0s
[CV] penalty=l2, C=1 .................................................
[CV] ........................ penalty=l2, C=1, score=0.287656 -   0.0s
[CV] penalty=l2, C=1 .................................................
[CV] ........................ penalty=l2, C=1, score=0.053771 -   0.0s
[CV] penalty=l2, C=1 .................................................
[CV] ........................ penalty=l2, C=1, score=0.031915 -   0.0s
[CV] penalty=l1, C=10 ................................................
[CV] ....................... penalty=l1, C=10, score=0.033486 -   0.1s
[CV] penalty=l1, C=10 ................................................
[CV] ....................... penalty=l1, C=10, score=0.301743 -   0.1s
[CV] penalty=l1, C=10 ................................................
[CV] ....................... penalty=l1, C=10, score=0.287656 -   0.1s
[CV] penalty=l1, C=10 ................................................
[CV] ....................... penalty=l1, C=10, score=0.053771 -   0.1s
[CV] penalty=l1, C=10 ................................................
[CV] ....................... penalty=l1, C=10, score=0.031915 -   0.1s
[CV] penalty=l2, C=10 ................................................
[CV] ....................... penalty=l2, C=10, score=0.033486 -   0.0s
[CV] penalty=l2, C=10 ................................................
[CV] ....................... penalty=l2, C=10, score=0.301743 -   0.0s
[CV] penalty=l2, C=10 ................................................
[CV] ....................... penalty=l2, C=10, score=0.287656 -   0.0s
[CV] penalty=l2, C=10 ................................................
[CV] ....................... penalty=l2, C=10, score=0.053771 -   0.0s
[CV] penalty=l2, C=10 ................................................
[CV] ....................... penalty=l2, C=10, score=0.031915 -   0.0s
[CV] penalty=l1, C=100 ...............................................
[CV] ...................... penalty=l1, C=100, score=0.033486 -   0.1s
[CV] penalty=l1, C=100 ...............................................
[CV] ...................... penalty=l1, C=100, score=0.301743 -   0.1s
[CV] penalty=l1, C=100 ...............................................
[CV] ...................... penalty=l1, C=100, score=0.287656 -   0.1s
[CV] penalty=l1, C=100 ...............................................
[CV] ...................... penalty=l1, C=100, score=0.053771 -   0.0s
[CV] penalty=l1, C=100 ...............................................
[CV] ...................... penalty=l1, C=100, score=0.031915 -   0.0s
[CV] penalty=l2, C=100 ...............................................
[CV] ...................... penalty=l2, C=100, score=0.033486 -   0.0s
[CV] penalty=l2, C=100 ...............................................
[CV] ...................... penalty=l2, C=100, score=0.301743 -   0.0s
[CV] penalty=l2, C=100 ...............................................
[CV] ...................... penalty=l2, C=100, score=0.287656 -   0.0s
[CV] penalty=l2, C=100 ...............................................
[CV] ...................... penalty=l2, C=100, score=0.053771 -   0.0s
[CV] penalty=l2, C=100 ...............................................
[CV] ...................... penalty=l2, C=100, score=0.031915 -   0.0s
[CV] penalty=l1, C=1000 ..............................................
[CV] ..................... penalty=l1, C=1000, score=0.033486 -   0.1s
[CV] penalty=l1, C=1000 ..............................................
[CV] ..................... penalty=l1, C=1000, score=0.301743 -   0.1s
[CV] penalty=l1, C=1000 ..............................................
[CV] ..................... penalty=l1, C=1000, score=0.287656 -   0.1s
[CV] penalty=l1, C=1000 ..............................................
[CV] ..................... penalty=l1, C=1000, score=0.053771 -   0.1s
[CV] penalty=l1, C=1000 ..............................................
[CV] ..................... penalty=l1, C=1000, score=0.031915 -   0.1s
[CV] penalty=l2, C=1000 ..............................................
[CV] ..................... penalty=l2, C=1000, score=0.033486 -   0.0s
[CV] penalty=l2, C=1000 ..............................................
[CV] ..................... penalty=l2, C=1000, score=0.301743 -   0.0s
[CV] penalty=l2, C=1000 ..............................................
[CV] ..................... penalty=l2, C=1000, score=0.287656 -   0.0s
[CV] penalty=l2, C=1000 ..............................................
[CV] ..................... penalty=l2, C=1000, score=0.053771 -   0.0s
[CV] penalty=l2, C=1000 ..............................................
[CV] ..................... penalty=l2, C=1000, score=0.031915 -   0.0s
{'penalty': 'l1', 'C': 1}
accuracy=7.59097e-01, precision=9.33252e-01, recall=7.88314e-01, f=8.54682e-01
